130610 10:18:29 [Note] Plugin 'FEDERATED' is disabled.
130610 10:18:29 InnoDB: The InnoDB memory heap is disabled
130610 10:18:29 InnoDB: Mutexes and rw_locks use Windows interlocked functions
130610 10:18:29 InnoDB: Compressed tables use zlib 1.2.3
130610 10:18:29 InnoDB: Initializing buffer pool, size = 16.0M
130610 10:18:29 InnoDB: Completed initialization of buffer pool
InnoDB: The first specified data file C:\xampp\mysql\data\ibdata1 did not exist:
InnoDB: a new database to be created!
130610 10:18:29  InnoDB: Setting file C:\xampp\mysql\data\ibdata1 size to 10 MB
InnoDB: Database physically writes the file full: wait...
130610 10:18:29  InnoDB: Log file C:\xampp\mysql\data\ib_logfile0 did not exist: new to be created
InnoDB: Setting log file C:\xampp\mysql\data\ib_logfile0 size to 5 MB
InnoDB: Database physically writes the file full: wait...
130610 10:18:29  InnoDB: Log file C:\xampp\mysql\data\ib_logfile1 did not exist: new to be created
InnoDB: Setting log file C:\xampp\mysql\data\ib_logfile1 size to 5 MB
InnoDB: Database physically writes the file full: wait...
InnoDB: Doublewrite buffer not found: creating new
InnoDB: Doublewrite buffer created
InnoDB: 127 rollback segment(s) active.
InnoDB: Creating foreign key constraint system tables
InnoDB: Foreign key constraint system tables created
130610 10:18:30  InnoDB: Waiting for the background threads to start
130610 10:18:31 InnoDB: 1.1.8 started; log sequence number 0
130610 10:18:31 [Note] Server hostname (bind-address): '0.0.0.0'; port: 3306
130610 10:18:31 [Note]   - '0.0.0.0' resolves to '0.0.0.0';
130610 10:18:31 [Note] Server socket created on IP: '0.0.0.0'.
130610 10:18:32 [Note] Event Scheduler: Loaded 0 events
130610 10:18:32 [Note] c:\xampp\mysql\bin\mysqld.exe: ready for connections.
Version: '5.5.27'  socket: ''  port: 3306  MySQL Community Server (GPL)
130624 19:11:54 [Note] Plugin 'FEDERATED' is disabled.
130624 19:11:54 InnoDB: The InnoDB memory heap is disabled
130624 19:11:54 InnoDB: Mutexes and rw_locks use Windows interlocked functions
130624 19:11:54 InnoDB: Compressed tables use zlib 1.2.3
130624 19:11:54 InnoDB: Initializing buffer pool, size = 16.0M
130624 19:11:54 InnoDB: Completed initialization of buffer pool
130624 19:11:54 InnoDB: highest supported file format is Barracuda.
InnoDB: The log sequence number in ibdata files does not match
InnoDB: the log sequence number in the ib_logfiles!
130624 19:11:54  InnoDB: Database was not shut down normally!
InnoDB: Starting crash recovery.
InnoDB: Reading tablespace information from the .ibd files...
InnoDB: Restoring possible half-written data pages from the doublewrite
InnoDB: buffer...
130624 19:11:56  InnoDB: Waiting for the background threads to start
130624 19:11:57 InnoDB: 1.1.8 started; log sequence number 1595675
130624 19:11:57 [Note] Server hostname (bind-address): '0.0.0.0'; port: 3306
130624 19:11:57 [Note]   - '0.0.0.0' resolves to '0.0.0.0';
130624 19:11:57 [Note] Server socket created on IP: '0.0.0.0'.
130624 19:11:59 [Note] Event Scheduler: Loaded 0 events
130624 19:11:59 [Note] c:\xampp\mysql\bin\mysqld.exe: ready for connections.
Version: '5.5.27'  socket: ''  port: 3306  MySQL Community Server (GPL)
130625 12:51:49 [Note] Plugin 'FEDERATED' is disabled.
130625 12:51:49 InnoDB: The InnoDB memory heap is disabled
130625 12:51:49 InnoDB: Mutexes and rw_locks use Windows interlocked functions
130625 12:51:49 InnoDB: Compressed tables use zlib 1.2.3
130625 12:51:49 InnoDB: Initializing buffer pool, size = 16.0M
130625 12:51:49 InnoDB: Completed initialization of buffer pool
130625 12:51:50 InnoDB: highest supported file format is Barracuda.
InnoDB: The log sequence number in ibdata files does not match
InnoDB: the log sequence number in the ib_logfiles!
130625 12:51:50  InnoDB: Database was not shut down normally!
InnoDB: Starting crash recovery.
InnoDB: Reading tablespace information from the .ibd files...
InnoDB: Restoring possible half-written data pages from the doublewrite
InnoDB: buffer...
130625 12:51:51  InnoDB: Waiting for the background threads to start
130625 12:51:52 InnoDB: 1.1.8 started; log sequence number 1967170
130625 12:51:52 [Note] Server hostname (bind-address): '0.0.0.0'; port: 3306
130625 12:51:52 [Note]   - '0.0.0.0' resolves to '0.0.0.0';
130625 12:51:52 [Note] Server socket created on IP: '0.0.0.0'.
130625 12:51:56 [Note] Event Scheduler: Loaded 0 events
130625 12:51:56 [Note] c:\xampp\mysql\bin\mysqld.exe: ready for connections.
Version: '5.5.27'  socket: ''  port: 3306  MySQL Community Server (GPL)
130626  9:15:32 [Note] Plugin 'FEDERATED' is disabled.
130626  9:15:32 InnoDB: The InnoDB memory heap is disabled
130626  9:15:32 InnoDB: Mutexes and rw_locks use Windows interlocked functions
130626  9:15:32 InnoDB: Compressed tables use zlib 1.2.3
130626  9:15:32 InnoDB: Initializing buffer pool, size = 16.0M
130626  9:15:32 InnoDB: Completed initialization of buffer pool
130626  9:15:33 InnoDB: highest supported file format is Barracuda.
InnoDB: The log sequence number in ibdata files does not match
InnoDB: the log sequence number in the ib_logfiles!
130626  9:15:33  InnoDB: Database was not shut down normally!
InnoDB: Starting crash recovery.
InnoDB: Reading tablespace information from the .ibd files...
InnoDB: Restoring possible half-written data pages from the doublewrite
InnoDB: buffer...
130626  9:15:40  InnoDB: Waiting for the background threads to start
130626  9:15:41 InnoDB: 1.1.8 started; log sequence number 2276283
130626  9:15:41 [Note] Server hostname (bind-address): '0.0.0.0'; port: 3306
130626  9:15:41 [Note]   - '0.0.0.0' resolves to '0.0.0.0';
130626  9:15:41 [Note] Server socket created on IP: '0.0.0.0'.
130626  9:15:45 [Note] Event Scheduler: Loaded 0 events
130626  9:15:45 [Note] c:\xampp\mysql\bin\mysqld.exe: ready for connections.
Version: '5.5.27'  socket: ''  port: 3306  MySQL Community Server (GPL)
130626 10:24:29 [Note] Plugin 'FEDERATED' is disabled.
130626 10:24:30 InnoDB: The InnoDB memory heap is disabled
130626 10:24:30 InnoDB: Mutexes and rw_locks use Windows interlocked functions
130626 10:24:30 InnoDB: Compressed tables use zlib 1.2.3
130626 10:24:30 InnoDB: Initializing buffer pool, size = 16.0M
130626 10:24:30 InnoDB: Completed initialization of buffer pool
130626 10:24:30 InnoDB: highest supported file format is Barracuda.
InnoDB: The log sequence number in ibdata files does not match
InnoDB: the log sequence number in the ib_logfiles!
130626 10:24:30  InnoDB: Database was not shut down normally!
InnoDB: Starting crash recovery.
InnoDB: Reading tablespace information from the .ibd files...
InnoDB: Restoring possible half-written data pages from the doublewrite
InnoDB: buffer...
130626 10:24:32  InnoDB: Waiting for the background threads to start
130626 10:24:33 InnoDB: 1.1.8 started; log sequence number 2276283
130626 10:24:33 [Note] Server hostname (bind-address): '0.0.0.0'; port: 3306
130626 10:24:33 [Note]   - '0.0.0.0' resolves to '0.0.0.0';
130626 10:24:33 [Note] Server socket created on IP: '0.0.0.0'.
130626 10:24:33 [Note] Event Scheduler: Loaded 0 events
130626 10:24:33 [Note] c:\xampp\mysql\bin\mysqld.exe: ready for connections.
Version: '5.5.27'  socket: ''  port: 3306  MySQL Community Server (GPL)
130627 12:11:03 [Note] Plugin 'FEDERATED' is disabled.
130627 12:11:03 InnoDB: The InnoDB memory heap is disabled
130627 12:11:03 InnoDB: Mutexes and rw_locks use Windows interlocked functions
130627 12:11:03 InnoDB: Compressed tables use zlib 1.2.3
130627 12:11:03 InnoDB: Initializing buffer pool, size = 16.0M
130627 12:11:03 InnoDB: Completed initialization of buffer pool
130627 12:11:03 InnoDB: highest supported file format is Barracuda.
InnoDB: The log sequence number in ibdata files does not match
InnoDB: the log sequence number in the ib_logfiles!
130627 12:11:04  InnoDB: Database was not shut down normally!
InnoDB: Starting crash recovery.
InnoDB: Reading tablespace information from the .ibd files...
InnoDB: Restoring possible half-written data pages from the doublewrite
InnoDB: buffer...
130627 12:11:07  InnoDB: Waiting for the background threads to start
130627 12:11:08 InnoDB: 1.1.8 started; log sequence number 2280593
130627 12:11:08 [Note] Server hostname (bind-address): '0.0.0.0'; port: 3306
130627 12:11:08 [Note]   - '0.0.0.0' resolves to '0.0.0.0';
130627 12:11:08 [Note] Server socket created on IP: '0.0.0.0'.
130627 12:11:11 [Note] Event Scheduler: Loaded 0 events
130627 12:11:11 [Note] c:\xampp\mysql\bin\mysqld.exe: ready for connections.
Version: '5.5.27'  socket: ''  port: 3306  MySQL Community Server (GPL)
130628  8:45:54 [Note] Plugin 'FEDERATED' is disabled.
130628  8:45:55 InnoDB: The InnoDB memory heap is disabled
130628  8:45:55 InnoDB: Mutexes and rw_locks use Windows interlocked functions
130628  8:45:55 InnoDB: Compressed tables use zlib 1.2.3
130628  8:45:55 InnoDB: Initializing buffer pool, size = 16.0M
130628  8:45:55 InnoDB: Completed initialization of buffer pool
130628  8:45:55 InnoDB: highest supported file format is Barracuda.
InnoDB: The log sequence number in ibdata files does not match
InnoDB: the log sequence number in the ib_logfiles!
130628  8:45:56  InnoDB: Database was not shut down normally!
InnoDB: Starting crash recovery.
InnoDB: Reading tablespace information from the .ibd files...
InnoDB: Restoring possible half-written data pages from the doublewrite
InnoDB: buffer...
130628  8:45:58  InnoDB: Waiting for the background threads to start
130628  8:45:59 InnoDB: 1.1.8 started; log sequence number 2423722
130628  8:45:59 [Note] Server hostname (bind-address): '0.0.0.0'; port: 3306
130628  8:45:59 [Note]   - '0.0.0.0' resolves to '0.0.0.0';
130628  8:45:59 [Note] Server socket created on IP: '0.0.0.0'.
130628  8:46:02 [Note] Event Scheduler: Loaded 0 events
130628  8:46:02 [Note] c:\xampp\mysql\bin\mysqld.exe: ready for connections.
Version: '5.5.27'  socket: ''  port: 3306  MySQL Community Server (GPL)
130628 13:18:50 [Note] Plugin 'FEDERATED' is disabled.
130628 13:18:50 InnoDB: The InnoDB memory heap is disabled
130628 13:18:50 InnoDB: Mutexes and rw_locks use Windows interlocked functions
130628 13:18:50 InnoDB: Compressed tables use zlib 1.2.3
130628 13:18:50 InnoDB: Initializing buffer pool, size = 16.0M
130628 13:18:50 InnoDB: Completed initialization of buffer pool
130628 13:18:51 InnoDB: highest supported file format is Barracuda.
InnoDB: The log sequence number in ibdata files does not match
InnoDB: the log sequence number in the ib_logfiles!
130628 13:18:51  InnoDB: Database was not shut down normally!
InnoDB: Starting crash recovery.
InnoDB: Reading tablespace information from the .ibd files...
InnoDB: Restoring possible half-written data pages from the doublewrite
InnoDB: buffer...
130628 13:18:54  InnoDB: Waiting for the background threads to start
130628 13:18:55 InnoDB: 1.1.8 started; log sequence number 2423732
130628 13:18:55 [Note] Server hostname (bind-address): '0.0.0.0'; port: 3306
130628 13:18:55 [Note]   - '0.0.0.0' resolves to '0.0.0.0';
130628 13:18:55 [Note] Server socket created on IP: '0.0.0.0'.
130628 13:18:58 [Note] Event Scheduler: Loaded 0 events
130628 13:18:58 [Note] c:\xampp\mysql\bin\mysqld.exe: ready for connections.
Version: '5.5.27'  socket: ''  port: 3306  MySQL Community Server (GPL)
130628 13:28:58 [Note] Plugin 'FEDERATED' is disabled.
130628 13:28:58 InnoDB: The InnoDB memory heap is disabled
130628 13:28:58 InnoDB: Mutexes and rw_locks use Windows interlocked functions
130628 13:28:58 InnoDB: Compressed tables use zlib 1.2.3
130628 13:28:58 InnoDB: Initializing buffer pool, size = 16.0M
130628 13:28:58 InnoDB: Completed initialization of buffer pool
130628 13:28:58 InnoDB: highest supported file format is Barracuda.
InnoDB: The log sequence number in ibdata files does not match
InnoDB: the log sequence number in the ib_logfiles!
130628 13:28:58  InnoDB: Database was not shut down normally!
InnoDB: Starting crash recovery.
InnoDB: Reading tablespace information from the .ibd files...
InnoDB: Restoring possible half-written data pages from the doublewrite
InnoDB: buffer...
130628 13:28:59  InnoDB: Waiting for the background threads to start
130628 13:29:00 InnoDB: 1.1.8 started; log sequence number 2423732
130628 13:29:00 [Note] Server hostname (bind-address): '0.0.0.0'; port: 3306
130628 13:29:00 [Note]   - '0.0.0.0' resolves to '0.0.0.0';
130628 13:29:00 [Note] Server socket created on IP: '0.0.0.0'.
130628 13:29:02 [Note] Event Scheduler: Loaded 0 events
130628 13:29:02 [Note] c:\xampp\mysql\bin\mysqld.exe: ready for connections.
Version: '5.5.27'  socket: ''  port: 3306  MySQL Community Server (GPL)
